<?xml version="1.0" encoding="UTF-8"?>
<testsuite xmlns:xsi="http://www.w3.org/2001/XMLSchema-instance" xsi:noNamespaceSchemaLocation="https://maven.apache.org/surefire/maven-surefire-plugin/xsd/surefire-test-report-3.0.xsd" version="3.0" name="co.unicauca.usermanagement.service.PasswordPolicyTest" time="0.009" tests="5" errors="0" skipped="0" failures="0">
  <properties>
[...]
</properties>
  <testcase name="shouldValidateCorrectPassword" classname="co.unicauca.usermanagement.service.PasswordPolicyTest" time="0.001"/>
  <testcase name="shouldRejectWithoutSpecialChar" classname="co.unicauca.usermanagement.service.PasswordPolicyTest" time="0.001"/>
  <testcase name="shouldRejectWithoutUppercase" classname="co.unicauca.usermanagement.service.PasswordPolicyTest" time="0.001"/>
  <testcase name="shouldRejectWithoutDigit" classname="co.unicauca.usermanagement.service.PasswordPolicyTest" time="0.001"/>
  <testcase name="shouldRejectShortPassword" classname="co.unicauca.usermanagement.service.PasswordPolicyTest" time="0.001"/>
</testsuite>